
1516374 : 0xa3f197e0f5f8d7 : 1 : spill_jit_data :  Jit agent is not initialized
1516182 : 0xa3f197e141a5b3 : 2 : ittapi_config_mask_get :  --itt-config mask to be applied: 5
1516182 : 0xa3f197e141d5c1 : 2 : ittapi_config_apply_per_lib :  ITTAPI function instrumented: __itt_domain_create
1516182 : 0xa3f197e141e4c3 : 2 : ittapi_config_apply_per_lib :  ITTAPI function instrumented: __itt_module_load_with_sections
1516182 : 0xa3f197e141fd6b : 2 : ittapi_config_apply_per_lib :  ITTAPI function not implemented: __itt_module_unload_with_sections
1516182 : 0xa3f197e142086b : 2 : ittapi_config_apply_per_lib :  ITTAPI function instrumented: __itt_string_handle_create
1516182 : 0xa3f197e14213a5 : 2 : ittapi_config_apply_per_lib :  ITTAPI function instrumented: __itt_counter_create
1516182 : 0xa3f197e1421d41 : 2 : ittapi_config_apply_per_lib :  ITTAPI function instrumented: __itt_counter_create_typed
1516182 : 0xa3f197e1422851 : 2 : ittapi_config_apply_per_lib :  ITTAPI function instrumented: __itt_pause
1516182 : 0xa3f197e1423293 : 2 : ittapi_config_apply_per_lib :  ITTAPI function instrumented: __itt_resume
1516182 : 0xa3f197e1b33723 : 2 : ittapi_config_apply_per_lib :  ITTAPI function instrumented: __itt_thread_set_name
1516182 : 0xa3f197e1b35e4d : 2 : ittapi_config_apply_per_lib :  ITTAPI function instrumented: __itt_thread_ignore
1516182 : 0xa3f197e1b368df : 2 : ittapi_config_apply_per_lib :  ITTAPI function instrumented: __itt_thr_name_set
1516182 : 0xa3f197e1b3717d : 2 : ittapi_config_apply_per_lib :  ITTAPI function instrumented: __itt_thr_ignore
1516182 : 0xa3f197e1b382b7 : 2 : ittapi_config_apply_per_lib :  ITTAPI function not implemented: __itt_enable_attach
1516182 : 0xa3f197e1b395a1 : 2 : ittapi_config_apply_per_lib :  ITTAPI function instrumented: __itt_detach
1516182 : 0xa3f197e1b39de7 : 2 : ittapi_config_apply_per_lib :  ITTAPI function NOT instrumented (not matched by --itt-config option): __itt_sync_create

1516182 : 0xa3f197e1b3a5db : 2 : ittapi_config_apply_per_lib :  ITTAPI function NOT instrumented (not matched by --itt-config option): __itt_sync_rename

1516182 : 0xa3f197e1b3ac8f : 2 : ittapi_config_apply_per_lib :  ITTAPI function NOT instrumented (not matched by --itt-config option): __itt_sync_destroy

1516182 : 0xa3f197e1b3b23b : 2 : ittapi_config_apply_per_lib :  ITTAPI function NOT instrumented (not matched by --itt-config option): __itt_sync_prepare

1516182 : 0xa3f197e21a82f7 : 2 : ittapi_config_apply_per_lib :  ITTAPI function NOT instrumented (not matched by --itt-config option): __itt_sync_cancel

1516182 : 0xa3f197e21ad7ed : 2 : ittapi_config_apply_per_lib :  ITTAPI function NOT instrumented (not matched by --itt-config option): __itt_sync_acquired

1516182 : 0xa3f197e21aff3b : 2 : ittapi_config_apply_per_lib :  ITTAPI function NOT instrumented (not matched by --itt-config option): __itt_sync_releasing

1516182 : 0xa3f197e21b5933 : 2 : ittapi_config_apply_per_lib :  ITTAPI function not implemented: __itt_suppress_push
1516182 : 0xa3f197e21b963f : 2 : ittapi_config_apply_per_lib :  ITTAPI function not implemented: __itt_suppress_pop
1516182 : 0xa3f197e21bd465 : 2 : ittapi_config_apply_per_lib :  ITTAPI function not implemented: __itt_suppress_mark_range
1516182 : 0xa3f197e21c18bf : 2 : ittapi_config_apply_per_lib :  ITTAPI function not implemented: __itt_suppress_clear_range
1516182 : 0xa3f197e21c1e39 : 2 : ittapi_config_apply_per_lib :  ITTAPI function NOT instrumented (not matched by --itt-config option): __itt_sync_prepare

1516182 : 0xa3f197e21c23b7 : 2 : ittapi_config_apply_per_lib :  ITTAPI function NOT instrumented (not matched by --itt-config option): __itt_sync_cancel

1516182 : 0xa3f197e21c288d : 2 : ittapi_config_apply_per_lib :  ITTAPI function NOT instrumented (not matched by --itt-config option): __itt_sync_acquired

1516182 : 0xa3f197e28b1c65 : 2 : ittapi_config_apply_per_lib :  ITTAPI function NOT instrumented (not matched by --itt-config option): __itt_sync_releasing

1516182 : 0xa3f197e28b6907 : 2 : ittapi_config_apply_per_lib :  ITTAPI function NOT instrumented (not matched by --itt-config option): __itt_model_site_begin

1516182 : 0xa3f197e28b91bf : 2 : ittapi_config_apply_per_lib :  ITTAPI function NOT instrumented (not matched by --itt-config option): __itt_model_site_end

1516182 : 0xa3f197e28bbb0f : 2 : ittapi_config_apply_per_lib :  ITTAPI function NOT instrumented (not matched by --itt-config option): __itt_model_task_begin

1516182 : 0xa3f197e28bdfd9 : 2 : ittapi_config_apply_per_lib :  ITTAPI function NOT instrumented (not matched by --itt-config option): __itt_model_task_end

1516182 : 0xa3f197e28c077d : 2 : ittapi_config_apply_per_lib :  ITTAPI function NOT instrumented (not matched by --itt-config option): __itt_model_lock_acquire

1516182 : 0xa3f197e28c29fd : 2 : ittapi_config_apply_per_lib :  ITTAPI function NOT instrumented (not matched by --itt-config option): __itt_model_lock_release

1516182 : 0xa3f197e28c46f3 : 2 : ittapi_config_apply_per_lib :  ITTAPI function NOT instrumented (not matched by --itt-config option): __itt_model_record_allocation

1516182 : 0xa3f197e28c65d9 : 2 : ittapi_config_apply_per_lib :  ITTAPI function NOT instrumented (not matched by --itt-config option): __itt_model_record_deallocation

1516182 : 0xa3f197e28c8489 : 2 : ittapi_config_apply_per_lib :  ITTAPI function NOT instrumented (not matched by --itt-config option): __itt_model_induction_uses

1516182 : 0xa3f197e2f69a7b : 2 : ittapi_config_apply_per_lib :  ITTAPI function NOT instrumented (not matched by --itt-config option): __itt_model_reduction_uses

1516182 : 0xa3f197e2f6e76b : 2 : ittapi_config_apply_per_lib :  ITTAPI function NOT instrumented (not matched by --itt-config option): __itt_model_observe_uses

1516182 : 0xa3f197e2f70a63 : 2 : ittapi_config_apply_per_lib :  ITTAPI function NOT instrumented (not matched by --itt-config option): __itt_model_clear_uses

1516182 : 0xa3f197e2f73061 : 2 : ittapi_config_apply_per_lib :  ITTAPI function NOT instrumented (not matched by --itt-config option): __itt_model_site_beginA

1516182 : 0xa3f197e2f74d05 : 2 : ittapi_config_apply_per_lib :  ITTAPI function NOT instrumented (not matched by --itt-config option): __itt_model_site_beginAL

1516182 : 0xa3f197e2f752a7 : 2 : ittapi_config_apply_per_lib :  ITTAPI function NOT instrumented (not matched by --itt-config option): __itt_model_task_beginA

1516182 : 0xa3f197e2f7585d : 2 : ittapi_config_apply_per_lib :  ITTAPI function NOT instrumented (not matched by --itt-config option): __itt_model_task_beginAL

1516182 : 0xa3f197e2f7644f : 2 : ittapi_config_apply_per_lib :  ITTAPI function NOT instrumented (not matched by --itt-config option): __itt_model_iteration_taskA

1516182 : 0xa3f197e2f76a9d : 2 : ittapi_config_apply_per_lib :  ITTAPI function NOT instrumented (not matched by --itt-config option): __itt_model_iteration_taskAL

1516182 : 0xa3f197e2f771f5 : 2 : ittapi_config_apply_per_lib :  ITTAPI function NOT instrumented (not matched by --itt-config option): __itt_model_site_end_2

1516182 : 0xa3f197e3512c7d : 2 : ittapi_config_apply_per_lib :  ITTAPI function NOT instrumented (not matched by --itt-config option): __itt_model_task_end_2

1516182 : 0xa3f197e3516df7 : 2 : ittapi_config_apply_per_lib :  ITTAPI function NOT instrumented (not matched by --itt-config option): __itt_model_lock_acquire_2

1516182 : 0xa3f197e3519589 : 2 : ittapi_config_apply_per_lib :  ITTAPI function NOT instrumented (not matched by --itt-config option): __itt_model_lock_release_2

1516182 : 0xa3f197e351b605 : 2 : ittapi_config_apply_per_lib :  ITTAPI function NOT instrumented (not matched by --itt-config option): __itt_model_aggregate_task

1516182 : 0xa3f197e351d78d : 2 : ittapi_config_apply_per_lib :  ITTAPI function NOT instrumented (not matched by --itt-config option): __itt_model_disable_push

1516182 : 0xa3f197e351f82b : 2 : ittapi_config_apply_per_lib :  ITTAPI function NOT instrumented (not matched by --itt-config option): __itt_model_disable_pop

1516182 : 0xa3f197e3523ee9 : 2 : ittapi_config_apply_per_lib :  ITTAPI function instrumented: __itt_heap_function_create
1516182 : 0xa3f197e35273d5 : 2 : ittapi_config_apply_per_lib :  ITTAPI function instrumented: __itt_heap_allocate_begin
1516182 : 0xa3f197e3528427 : 2 : ittapi_config_apply_per_lib :  ITTAPI function instrumented: __itt_heap_allocate_end
1516182 : 0xa3f197e3528b19 : 2 : ittapi_config_apply_per_lib :  ITTAPI function instrumented: __itt_heap_free_begin
1516182 : 0xa3f197e3d07d01 : 2 : ittapi_config_apply_per_lib :  ITTAPI function instrumented: __itt_heap_free_end
1516182 : 0xa3f197e3d0d693 : 2 : ittapi_config_apply_per_lib :  ITTAPI function instrumented: __itt_heap_reallocate_begin
1516182 : 0xa3f197e3d112f1 : 2 : ittapi_config_apply_per_lib :  ITTAPI function instrumented: __itt_heap_reallocate_end
1516182 : 0xa3f197e3d168f1 : 2 : ittapi_config_apply_per_lib :  ITTAPI function not implemented: __itt_heap_internal_access_begin
1516182 : 0xa3f197e3d1d603 : 2 : ittapi_config_apply_per_lib :  ITTAPI function not implemented: __itt_heap_internal_access_end
1516182 : 0xa3f197e3d253f1 : 2 : ittapi_config_apply_per_lib :  ITTAPI function not implemented: __itt_heap_record_memory_growth_begin
1516182 : 0xa3f197e3d25fd1 : 2 : ittapi_config_apply_per_lib :  ITTAPI function not implemented: __itt_heap_record_memory_growth_end
1516182 : 0xa3f197e3d26a7f : 2 : ittapi_config_apply_per_lib :  ITTAPI function not implemented: __itt_heap_reset_detection
1516182 : 0xa3f197e3d27867 : 2 : ittapi_config_apply_per_lib :  ITTAPI function not implemented: __itt_heap_record
1516182 : 0xa3f197e3d284cd : 2 : ittapi_config_apply_per_lib :  ITTAPI function not implemented: __itt_id_create
1516182 : 0xa3f197e433e537 : 2 : ittapi_config_apply_per_lib :  ITTAPI function not implemented: __itt_id_destroy
1516182 : 0xa3f197e4343c87 : 2 : ittapi_config_apply_per_lib :  ITTAPI function instrumented: __itt_get_timestamp
1516182 : 0xa3f197e434740d : 2 : ittapi_config_apply_per_lib :  ITTAPI function not implemented: __itt_region_begin
1516182 : 0xa3f197e434a325 : 2 : ittapi_config_apply_per_lib :  ITTAPI function not implemented: __itt_region_end
1516182 : 0xa3f197e434d3ab : 2 : ittapi_config_apply_per_lib :  ITTAPI function instrumented: __itt_frame_begin_v3
1516182 : 0xa3f197e434eec1 : 2 : ittapi_config_apply_per_lib :  ITTAPI function instrumented: __itt_frame_end_v3
1516182 : 0xa3f197e434f6b3 : 2 : ittapi_config_apply_per_lib :  ITTAPI function instrumented: __itt_frame_submit_v3
1516182 : 0xa3f197e435014d : 2 : ittapi_config_apply_per_lib :  ITTAPI function not implemented: __itt_task_group
1516182 : 0xa3f197e43509d7 : 2 : ittapi_config_apply_per_lib :  ITTAPI function instrumented: __itt_task_begin
1516182 : 0xa3f197e43511b9 : 2 : ittapi_config_apply_per_lib :  ITTAPI function instrumented: __itt_task_begin_fn
1516182 : 0xa3f197e49694f7 : 2 : ittapi_config_apply_per_lib :  ITTAPI function instrumented: __itt_task_end
1516182 : 0xa3f197e496a1b5 : 2 : ittapi_config_apply_per_lib :  ITTAPI function NOT instrumented (not matched by --itt-config option): __itt_counter_inc_v3

1516182 : 0xa3f197e496a8e9 : 2 : ittapi_config_apply_per_lib :  ITTAPI function NOT instrumented (not matched by --itt-config option): __itt_counter_inc_delta_v3

1516182 : 0xa3f197e496b08b : 2 : ittapi_config_apply_per_lib :  ITTAPI function NOT instrumented (not matched by --itt-config option): __itt_counter_dec_v3

1516182 : 0xa3f197e496b773 : 2 : ittapi_config_apply_per_lib :  ITTAPI function NOT instrumented (not matched by --itt-config option): __itt_counter_dec_delta_v3

1516182 : 0xa3f197e496c2a9 : 2 : ittapi_config_apply_per_lib :  ITTAPI function not implemented: __itt_marker
1516182 : 0xa3f197e496cbc5 : 2 : ittapi_config_apply_per_lib :  ITTAPI function instrumented: __itt_metadata_add
1516182 : 0xa3f197e496d54f : 2 : ittapi_config_apply_per_lib :  ITTAPI function not implemented: __itt_metadata_str_add
1516182 : 0xa3f197e496de29 : 2 : ittapi_config_apply_per_lib :  ITTAPI function not implemented: __itt_relation_add_to_current
1516182 : 0xa3f197e496e7b3 : 2 : ittapi_config_apply_per_lib :  ITTAPI function not implemented: __itt_relation_add
1516182 : 0xa3f197e4ea4183 : 2 : ittapi_config_apply_per_lib :  ITTAPI function instrumented: __itt_event_create
1516182 : 0xa3f197e4ea8c39 : 2 : ittapi_config_apply_per_lib :  ITTAPI function NOT instrumented (not matched by --itt-config option): __itt_event_start

1516182 : 0xa3f197e4eab161 : 2 : ittapi_config_apply_per_lib :  ITTAPI function NOT instrumented (not matched by --itt-config option): __itt_event_end

1516182 : 0xa3f197e4ead3d9 : 2 : ittapi_config_apply_per_lib :  ITTAPI function NOT instrumented (not matched by --itt-config option): __itt_sync_set_name

1516182 : 0xa3f197e4eaf581 : 2 : ittapi_config_apply_per_lib :  ITTAPI function NOT instrumented (not matched by --itt-config option): __itt_notify_sync_name

1516182 : 0xa3f197e4eb19e3 : 2 : ittapi_config_apply_per_lib :  ITTAPI function NOT instrumented (not matched by --itt-config option): __itt_notify_sync_prepare

1516182 : 0xa3f197e4eb38b9 : 2 : ittapi_config_apply_per_lib :  ITTAPI function NOT instrumented (not matched by --itt-config option): __itt_notify_sync_cancel

1516182 : 0xa3f197e4eb5361 : 2 : ittapi_config_apply_per_lib :  ITTAPI function NOT instrumented (not matched by --itt-config option): __itt_notify_sync_acquired

1516182 : 0xa3f197e4eb60bd : 2 : ittapi_config_apply_per_lib :  ITTAPI function NOT instrumented (not matched by --itt-config option): __itt_notify_sync_releasing

1516182 : 0xa3f197e4eb6acb : 2 : ittapi_config_apply_per_lib :  ITTAPI function not implemented: __itt_memory_read
1516182 : 0xa3f197e54d7d8f : 2 : ittapi_config_apply_per_lib :  ITTAPI function not implemented: __itt_memory_write
1516182 : 0xa3f197e54dd3c5 : 2 : ittapi_config_apply_per_lib :  ITTAPI function not implemented: __itt_memory_update
1516182 : 0xa3f197e54e0d3f : 2 : ittapi_config_apply_per_lib :  ITTAPI function not implemented: __itt_state_get
1516182 : 0xa3f197e54e42bd : 2 : ittapi_config_apply_per_lib :  ITTAPI function not implemented: __itt_state_set
1516182 : 0xa3f197e54e6e3d : 2 : ittapi_config_apply_per_lib :  ITTAPI function not implemented: __itt_obj_mode_set
1516182 : 0xa3f197e54e76d1 : 2 : ittapi_config_apply_per_lib :  ITTAPI function not implemented: __itt_thr_mode_set
1516182 : 0xa3f197e54e7ea1 : 2 : ittapi_config_apply_per_lib :  ITTAPI function instrumented: __itt_frame_create
1516182 : 0xa3f197e54e86af : 2 : ittapi_config_apply_per_lib :  ITTAPI function instrumented: __itt_pt_region_create
1516182 : 0xa3f197e54e8fe7 : 2 : ittapi_config_apply_per_lib :  ITTAPI function instrumented: __itt_frame_begin
1516182 : 0xa3f197e54e9789 : 2 : ittapi_config_apply_per_lib :  ITTAPI function instrumented: __itt_frame_end
1516182 : 0xa3f197e5b4382d : 2 : ittapi_config_apply_per_lib :  ITTAPI function NOT instrumented (not matched by --itt-config option): __itt_counter_destroy

1516182 : 0xa3f197e5b4827b : 2 : ittapi_config_apply_per_lib :  ITTAPI function NOT instrumented (not matched by --itt-config option): __itt_counter_inc

1516182 : 0xa3f197e5b4a541 : 2 : ittapi_config_apply_per_lib :  ITTAPI function NOT instrumented (not matched by --itt-config option): __itt_counter_inc_delta

1516182 : 0xa3f197e5b4c5a3 : 2 : ittapi_config_apply_per_lib :  ITTAPI function NOT instrumented (not matched by --itt-config option): __itt_counter_dec

1516182 : 0xa3f197e5b4ef4b : 2 : ittapi_config_apply_per_lib :  ITTAPI function NOT instrumented (not matched by --itt-config option): __itt_counter_dec_delta

1516182 : 0xa3f197e5b50ca5 : 2 : ittapi_config_apply_per_lib :  ITTAPI function NOT instrumented (not matched by --itt-config option): __itt_counter_set_value

1516182 : 0xa3f197e5b531c7 : 2 : ittapi_config_apply_per_lib :  ITTAPI function NOT instrumented (not matched by --itt-config option): __itt_counter_set_value_ex

1516182 : 0xa3f197e5b56cd1 : 2 : ittapi_config_apply_per_lib :  ITTAPI function not implemented: __itt_mark_create
1516182 : 0xa3f197e5b576b9 : 2 : ittapi_config_apply_per_lib :  ITTAPI function not implemented: __itt_mark
1516182 : 0xa3f197e5b58083 : 2 : ittapi_config_apply_per_lib :  ITTAPI function not implemented: __itt_mark_off
1516182 : 0xa3f197e62b3fa3 : 2 : ittapi_config_apply_per_lib :  ITTAPI function not implemented: __itt_mark_global
1516182 : 0xa3f197e62c65fd : 2 : ittapi_config_apply_per_lib :  ITTAPI function not implemented: __itt_mark_global_off
1516182 : 0xa3f197e62c6f03 : 2 : ittapi_config_apply_per_lib :  ITTAPI function NOT instrumented (not matched by --itt-config option): __itt_stack_caller_create

1516182 : 0xa3f197e62c7545 : 2 : ittapi_config_apply_per_lib :  ITTAPI function NOT instrumented (not matched by --itt-config option): __itt_stack_caller_destroy

1516182 : 0xa3f197e62c7afb : 2 : ittapi_config_apply_per_lib :  ITTAPI function NOT instrumented (not matched by --itt-config option): __itt_stack_callee_enter

1516182 : 0xa3f197e62c806f : 2 : ittapi_config_apply_per_lib :  ITTAPI function NOT instrumented (not matched by --itt-config option): __itt_stack_callee_leave

1516182 : 0xa3f197e62c8903 : 2 : ittapi_config_apply_per_lib :  ITTAPI function not implemented: __itt_clock_domain_create
1516182 : 0xa3f197e62c92c9 : 2 : ittapi_config_apply_per_lib :  ITTAPI function not implemented: __itt_clock_domain_reset
1516182 : 0xa3f197e62c9aef : 2 : ittapi_config_apply_per_lib :  ITTAPI function not implemented: __itt_id_create_ex
1516182 : 0xa3f197e62ca3e1 : 2 : ittapi_config_apply_per_lib :  ITTAPI function not implemented: __itt_id_destroy_ex
1516182 : 0xa3f197e69fb21d : 2 : ittapi_config_apply_per_lib :  ITTAPI function not implemented: __itt_task_begin_ex
1516182 : 0xa3f197e69fc163 : 2 : ittapi_config_apply_per_lib :  ITTAPI function not implemented: __itt_task_begin_fn_ex
1516182 : 0xa3f197e69fcce5 : 2 : ittapi_config_apply_per_lib :  ITTAPI function not implemented: __itt_task_end_ex
1516182 : 0xa3f197e69fd783 : 2 : ittapi_config_apply_per_lib :  ITTAPI function instrumented: __itt_task_begin_overlapped
1516182 : 0xa3f197e69fe1e1 : 2 : ittapi_config_apply_per_lib :  ITTAPI function not implemented: __itt_task_begin_overlapped_ex
1516182 : 0xa3f197e69fec8b : 2 : ittapi_config_apply_per_lib :  ITTAPI function instrumented: __itt_task_end_overlapped
1516182 : 0xa3f197e69ff8bf : 2 : ittapi_config_apply_per_lib :  ITTAPI function not implemented: __itt_task_end_overlapped_ex
1516182 : 0xa3f197e6a005bd : 2 : ittapi_config_apply_per_lib :  ITTAPI function not implemented: __itt_marker_ex
1516182 : 0xa3f197e6a010fb : 2 : ittapi_config_apply_per_lib :  ITTAPI function not implemented: __itt_metadata_add_with_scope
1516182 : 0xa3f197e6a01c9d : 2 : ittapi_config_apply_per_lib :  ITTAPI function not implemented: __itt_metadata_str_add_with_scope
1516182 : 0xa3f197e70b67ed : 2 : ittapi_config_apply_per_lib :  ITTAPI function not implemented: __itt_relation_add_to_current_ex
1516182 : 0xa3f197e70bc2ef : 2 : ittapi_config_apply_per_lib :  ITTAPI function not implemented: __itt_relation_add_ex
1516182 : 0xa3f197e70bf68d : 2 : ittapi_config_apply_per_lib :  ITTAPI function not implemented: __itt_track_group_create
1516182 : 0xa3f197e70c2c87 : 2 : ittapi_config_apply_per_lib :  ITTAPI function not implemented: __itt_track_create
1516182 : 0xa3f197e70c3513 : 2 : ittapi_config_apply_per_lib :  ITTAPI function not implemented: __itt_set_track
1516182 : 0xa3f197e70c3dbd : 2 : ittapi_config_apply_per_lib :  ITTAPI function instrumented: __itt_api_version
1516182 : 0xa3f197e70c45d7 : 2 : ittapi_config_apply_per_lib :  ITTAPI function not implemented: __itt_av_save
1516182 : 0xa3f197e70c4d95 : 2 : ittapi_config_apply_per_lib :  ITTAPI function instrumented: __itt_module_load
1516182 : 0xa3f197e70c56f7 : 2 : ittapi_config_apply_per_lib :  ITTAPI function not implemented: __itt_module_unload